<?xml version="1.0" encoding="UTF-8"?>
<testsuite name="com.web.IndexControllerTest" tests="1" skipped="0" failures="0" errors="0" timestamp="2021-05-22T14:05:12" hostname="Parkjongseok087" time="0.209">
  <properties/>
  <testcase name="메인페이지_로딩" classname="com.web.IndexControllerTest" time="0.209"/>
  <system-out><![CDATA[2021-05-22 23:05:08.905  INFO 6620 --- [    Test worker] .b.t.c.SpringBootTestContextBootstrapper : Neither @ContextConfiguration nor @ContextHierarchy found for test class [com.web.IndexControllerTest], using SpringBootContextLoader
2021-05-22 23:05:08.907  INFO 6620 --- [    Test worker] o.s.t.c.support.AbstractContextLoader    : Could not detect default resource locations for test class [com.web.IndexControllerTest]: no resource found for suffixes {-context.xml, Context.groovy}.
2021-05-22 23:05:08.908  INFO 6620 --- [    Test worker] t.c.s.AnnotationConfigContextLoaderUtils : Could not detect default configuration classes for test class [com.web.IndexControllerTest]: IndexControllerTest does not declare any static, non-private, non-final, nested classes annotated with @Configuration.
2021-05-22 23:05:08.934  INFO 6620 --- [    Test worker] .b.t.c.SpringBootTestContextBootstrapper : Found @SpringBootConfiguration com.Application for test class com.web.IndexControllerTest
2021-05-22 23:05:08.935  INFO 6620 --- [    Test worker] .b.t.c.SpringBootTestContextBootstrapper : Loaded default TestExecutionListener class names from location [META-INF/spring.factories]: [org.springframework.security.test.context.support.WithSecurityContextTestExecutionListener, org.springframework.security.test.context.support.ReactorContextTestExecutionListener, org.springframework.boot.test.autoconfigure.restdocs.RestDocsTestExecutionListener, org.springframework.boot.test.autoconfigure.web.client.MockRestServiceServerResetTestExecutionListener, org.springframework.boot.test.autoconfigure.web.servlet.MockMvcPrintOnlyOnFailureTestExecutionListener, org.springframework.boot.test.autoconfigure.web.servlet.WebDriverTestExecutionListener, org.springframework.boot.test.mock.mockito.MockitoTestExecutionListener, org.springframework.boot.test.mock.mockito.ResetMocksTestExecutionListener, org.springframework.test.context.web.ServletTestExecutionListener, org.springframework.test.context.support.DirtiesContextBeforeModesTestExecutionListener, org.springframework.test.context.support.DependencyInjectionTestExecutionListener, org.springframework.test.context.support.DirtiesContextTestExecutionListener, org.springframework.test.context.transaction.TransactionalTestExecutionListener, org.springframework.test.context.jdbc.SqlScriptsTestExecutionListener]
2021-05-22 23:05:08.936  INFO 6620 --- [    Test worker] .b.t.c.SpringBootTestContextBootstrapper : Using TestExecutionListeners: [org.springframework.test.context.web.ServletTestExecutionListener@3bc15c92, org.springframework.test.context.support.DirtiesContextBeforeModesTestExecutionListener@15df7921, org.springframework.boot.test.mock.mockito.MockitoTestExecutionListener@6481028, org.springframework.boot.test.autoconfigure.SpringBootDependencyInjectionTestExecutionListener@61f20b35, org.springframework.test.context.support.DirtiesContextTestExecutionListener@50e6ee55, org.springframework.test.context.transaction.TransactionalTestExecutionListener@3e1e8319, org.springframework.test.context.jdbc.SqlScriptsTestExecutionListener@78910da2, org.springframework.security.test.context.support.WithSecurityContextTestExecutionListener@9cb1a26, org.springframework.security.test.context.support.ReactorContextTestExecutionListener@6e38c90c, org.springframework.boot.test.autoconfigure.restdocs.RestDocsTestExecutionListener@24748999, org.springframework.boot.test.autoconfigure.web.client.MockRestServiceServerResetTestExecutionListener@54f86ca8, org.springframework.boot.test.autoconfigure.web.servlet.MockMvcPrintOnlyOnFailureTestExecutionListener@5b3563b, org.springframework.boot.test.autoconfigure.web.servlet.WebDriverTestExecutionListener@2d6b8f28, org.springframework.boot.test.mock.mockito.ResetMocksTestExecutionListener@2dd3e35d]

  .   ____          _            __ _ _
 /\\ / ___'_ __ _ _(_)_ __  __ _ \ \ \ \
( ( )\___ | '_ | '_| | '_ \/ _` | \ \ \ \
 \\/  ___)| |_)| | | | | || (_| |  ) ) ) )
  '  |____| .__|_| |_|_| |_\__, | / / / /
 =========|_|==============|___/=/_/_/_/
 :: Spring Boot ::        (v2.1.7.RELEASE)

2021-05-22 23:05:08.983  INFO 6620 --- [    Test worker] com.web.IndexControllerTest              : Starting IndexControllerTest on Parkjongseok087 with PID 6620 (started by Parkjongseok in C:\newproject-springboot-webservice)
2021-05-22 23:05:08.983  INFO 6620 --- [    Test worker] com.web.IndexControllerTest              : No active profile set, falling back to default profiles: default
2021-05-22 23:05:09.964  INFO 6620 --- [    Test worker] .s.d.r.c.RepositoryConfigurationDelegate : Bootstrapping Spring Data repositories in DEFAULT mode.
2021-05-22 23:05:10.275  INFO 6620 --- [    Test worker] .s.d.r.c.RepositoryConfigurationDelegate : Finished Spring Data repository scanning in 311ms. Found 2 repository interfaces.
2021-05-22 23:05:10.384  INFO 6620 --- [    Test worker] trationDelegate$BeanPostProcessorChecker : Bean 'org.springframework.transaction.annotation.ProxyTransactionManagementConfiguration' of type [org.springframework.transaction.annotation.ProxyTransactionManagementConfiguration$$EnhancerBySpringCGLIB$$51597b9f] is not eligible for getting processed by all BeanPostProcessors (for example: not eligible for auto-proxying)
2021-05-22 23:05:10.752  INFO 6620 --- [    Test worker] o.s.b.w.embedded.tomcat.TomcatWebServer  : Tomcat initialized with port(s): 0 (http)
2021-05-22 23:05:10.793  INFO 6620 --- [    Test worker] o.apache.catalina.core.StandardService   : Starting service [Tomcat]
2021-05-22 23:05:10.793  INFO 6620 --- [    Test worker] org.apache.catalina.core.StandardEngine  : Starting Servlet engine: [Apache Tomcat/9.0.22]
2021-05-22 23:05:11.062  INFO 6620 --- [    Test worker] o.a.c.c.C.[Tomcat].[localhost].[/]       : Initializing Spring embedded WebApplicationContext
2021-05-22 23:05:11.063  INFO 6620 --- [    Test worker] o.s.web.context.ContextLoader            : Root WebApplicationContext: initialization completed in 2075 ms
2021-05-22 23:05:11.276  INFO 6620 --- [    Test worker] com.zaxxer.hikari.HikariDataSource       : HikariPool-2 - Starting...
2021-05-22 23:05:11.278  INFO 6620 --- [    Test worker] com.zaxxer.hikari.HikariDataSource       : HikariPool-2 - Start completed.
2021-05-22 23:05:11.489  INFO 6620 --- [    Test worker] o.hibernate.jpa.internal.util.LogHelper  : HHH000204: Processing PersistenceUnitInfo [
	name: default
	...]
2021-05-22 23:05:11.504  INFO 6620 --- [    Test worker] org.hibernate.dialect.Dialect            : HHH000400: Using dialect: org.hibernate.dialect.MySQL5InnoDBDialect
Hibernate: drop table if exists posts
Hibernate: drop table if exists user
Hibernate: create table posts (id bigint not null auto_increment, created_date datetime, modified_date datetime, author varchar(255), content TEXT not null, title varchar(500) not null, primary key (id)) engine=InnoDB
Hibernate: create table user (id bigint not null auto_increment, created_date datetime, modified_date datetime, email varchar(255), name varchar(255) not null, picture varchar(255), role varchar(255) not null, primary key (id)) engine=InnoDB
2021-05-22 23:05:11.574  INFO 6620 --- [    Test worker] o.h.t.schema.internal.SchemaCreatorImpl  : HHH000476: Executing import script 'org.hibernate.tool.schema.internal.exec.ScriptSourceInputNonExistentImpl@54640649'
2021-05-22 23:05:11.574  INFO 6620 --- [    Test worker] j.LocalContainerEntityManagerFactoryBean : Initialized JPA EntityManagerFactory for persistence unit 'default'
2021-05-22 23:05:11.958  INFO 6620 --- [    Test worker] o.h.h.i.QueryTranslatorFactoryInitiator  : HHH000397: Using ASTQueryTranslatorFactory
2021-05-22 23:05:12.136  INFO 6620 --- [    Test worker] o.s.s.web.DefaultSecurityFilterChain     : Creating filter chain: any request, [org.springframework.security.web.context.request.async.WebAsyncManagerIntegrationFilter@56c76e63, org.springframework.security.web.context.SecurityContextPersistenceFilter@4b630ff8, org.springframework.security.web.header.HeaderWriterFilter@48c2b262, org.springframework.security.web.authentication.logout.LogoutFilter@75200cc1, org.springframework.security.oauth2.client.web.OAuth2AuthorizationRequestRedirectFilter@18c41d34, org.springframework.security.oauth2.client.web.OAuth2LoginAuthenticationFilter@5676fbc7, org.springframework.security.web.authentication.ui.DefaultLoginPageGeneratingFilter@266fcb3b, org.springframework.security.web.authentication.ui.DefaultLogoutPageGeneratingFilter@d32ef6d, org.springframework.security.web.savedrequest.RequestCacheAwareFilter@4ba190bc, org.springframework.security.web.servletapi.SecurityContextHolderAwareRequestFilter@16ad7a08, org.springframework.security.web.authentication.AnonymousAuthenticationFilter@35a77e42, org.springframework.security.web.session.SessionManagementFilter@4fbfe9b7, org.springframework.security.web.access.ExceptionTranslationFilter@29e534fc, org.springframework.security.web.access.intercept.FilterSecurityInterceptor@7645ad63]
2021-05-22 23:05:12.385  INFO 6620 --- [    Test worker] o.s.s.concurrent.ThreadPoolTaskExecutor  : Initializing ExecutorService 'applicationTaskExecutor'
2021-05-22 23:05:12.400  WARN 6620 --- [    Test worker] aWebConfiguration$JpaWebMvcConfiguration : spring.jpa.open-in-view is enabled by default. Therefore, database queries may be performed during view rendering. Explicitly configure spring.jpa.open-in-view to disable this warning
2021-05-22 23:05:12.435  INFO 6620 --- [    Test worker] o.s.b.a.w.s.WelcomePageHandlerMapping    : Adding welcome page template: index
2021-05-22 23:05:12.840  INFO 6620 --- [    Test worker] s.a.ScheduledAnnotationBeanPostProcessor : No TaskScheduler/ScheduledExecutorService bean found for scheduled processing
2021-05-22 23:05:12.872  INFO 6620 --- [    Test worker] o.s.b.w.embedded.tomcat.TomcatWebServer  : Tomcat started on port(s): 11916 (http) with context path ''
2021-05-22 23:05:12.873  INFO 6620 --- [    Test worker] com.web.IndexControllerTest              : Started IndexControllerTest in 3.934 seconds (JVM running for 18.448)
2021-05-22 23:05:12.986  INFO 6620 --- [o-auto-1-exec-1] o.a.c.c.C.[Tomcat].[localhost].[/]       : Initializing Spring DispatcherServlet 'dispatcherServlet'
2021-05-22 23:05:12.986  INFO 6620 --- [o-auto-1-exec-1] o.s.web.servlet.DispatcherServlet        : Initializing Servlet 'dispatcherServlet'
2021-05-22 23:05:13.017  INFO 6620 --- [o-auto-1-exec-1] o.s.web.servlet.DispatcherServlet        : Completed initialization in 31 ms
Hibernate: select posts0_.id as id1_0_, posts0_.created_date as created_2_0_, posts0_.modified_date as modified3_0_, posts0_.author as author4_0_, posts0_.content as content5_0_, posts0_.title as title6_0_ from posts posts0_ order by posts0_.id DESC
]]></system-out>
  <system-err><![CDATA[]]></system-err>
</testsuite>
