<?xml version="1.0" encoding="UTF-8"?>
<testsuite name="com.HelloControllerTest" tests="2" skipped="0" failures="0" errors="0" timestamp="2021-05-22T14:05:08" hostname="Parkjongseok087" time="0.202">
  <properties/>
  <testcase name="hellois_Return" classname="com.HelloControllerTest" time="0.087"/>
  <testcase name="helloDto_return" classname="com.HelloControllerTest" time="0.114"/>
  <system-out><![CDATA[2021-05-22 23:05:06.335  INFO 6620 --- [    Test worker] .b.t.a.w.s.WebMvcTestContextBootstrapper : Neither @ContextConfiguration nor @ContextHierarchy found for test class [com.HelloControllerTest], using SpringBootContextLoader
2021-05-22 23:05:06.336  INFO 6620 --- [    Test worker] o.s.t.c.support.AbstractContextLoader    : Could not detect default resource locations for test class [com.HelloControllerTest]: no resource found for suffixes {-context.xml, Context.groovy}.
2021-05-22 23:05:06.336  INFO 6620 --- [    Test worker] t.c.s.AnnotationConfigContextLoaderUtils : Could not detect default configuration classes for test class [com.HelloControllerTest]: HelloControllerTest does not declare any static, non-private, non-final, nested classes annotated with @Configuration.
2021-05-22 23:05:06.376  INFO 6620 --- [    Test worker] .b.t.c.SpringBootTestContextBootstrapper : Found @SpringBootConfiguration com.Application for test class com.HelloControllerTest
2021-05-22 23:05:06.380  INFO 6620 --- [    Test worker] .b.t.a.w.s.WebMvcTestContextBootstrapper : Loaded default TestExecutionListener class names from location [META-INF/spring.factories]: [org.springframework.security.test.context.support.WithSecurityContextTestExecutionListener, org.springframework.security.test.context.support.ReactorContextTestExecutionListener, org.springframework.boot.test.autoconfigure.restdocs.RestDocsTestExecutionListener, org.springframework.boot.test.autoconfigure.web.client.MockRestServiceServerResetTestExecutionListener, org.springframework.boot.test.autoconfigure.web.servlet.MockMvcPrintOnlyOnFailureTestExecutionListener, org.springframework.boot.test.autoconfigure.web.servlet.WebDriverTestExecutionListener, org.springframework.boot.test.mock.mockito.MockitoTestExecutionListener, org.springframework.boot.test.mock.mockito.ResetMocksTestExecutionListener, org.springframework.test.context.web.ServletTestExecutionListener, org.springframework.test.context.support.DirtiesContextBeforeModesTestExecutionListener, org.springframework.test.context.support.DependencyInjectionTestExecutionListener, org.springframework.test.context.support.DirtiesContextTestExecutionListener, org.springframework.test.context.transaction.TransactionalTestExecutionListener, org.springframework.test.context.jdbc.SqlScriptsTestExecutionListener]
2021-05-22 23:05:06.382  INFO 6620 --- [    Test worker] .b.t.a.w.s.WebMvcTestContextBootstrapper : Using TestExecutionListeners: [org.springframework.test.context.web.ServletTestExecutionListener@63996c6b, org.springframework.test.context.support.DirtiesContextBeforeModesTestExecutionListener@6d1b5ff0, org.springframework.boot.test.mock.mockito.MockitoTestExecutionListener@5e0c325c, org.springframework.boot.test.autoconfigure.SpringBootDependencyInjectionTestExecutionListener@4a22942c, org.springframework.test.context.support.DirtiesContextTestExecutionListener@62f05337, org.springframework.test.context.transaction.TransactionalTestExecutionListener@55a36446, org.springframework.test.context.jdbc.SqlScriptsTestExecutionListener@6a82327c, org.springframework.security.test.context.support.WithSecurityContextTestExecutionListener@345f48f4, org.springframework.security.test.context.support.ReactorContextTestExecutionListener@54d6cca3, org.springframework.boot.test.autoconfigure.restdocs.RestDocsTestExecutionListener@1a99032b, org.springframework.boot.test.autoconfigure.web.client.MockRestServiceServerResetTestExecutionListener@61f3c3d6, org.springframework.boot.test.autoconfigure.web.servlet.MockMvcPrintOnlyOnFailureTestExecutionListener@2f253ff4, org.springframework.boot.test.autoconfigure.web.servlet.WebDriverTestExecutionListener@4df44d67, org.springframework.boot.test.mock.mockito.ResetMocksTestExecutionListener@1fa68fa9]

  .   ____          _            __ _ _
 /\\ / ___'_ __ _ _(_)_ __  __ _ \ \ \ \
( ( )\___ | '_ | '_| | '_ \/ _` | \ \ \ \
 \\/  ___)| |_)| | | | | || (_| |  ) ) ) )
  '  |____| .__|_| |_|_| |_\__, | / / / /
 =========|_|==============|___/=/_/_/_/
 :: Spring Boot ::        (v2.1.7.RELEASE)

2021-05-22 23:05:06.461  INFO 6620 --- [    Test worker] com.HelloControllerTest                  : Starting HelloControllerTest on Parkjongseok087 with PID 6620 (started by Parkjongseok in C:\newproject-springboot-webservice)
2021-05-22 23:05:06.465  INFO 6620 --- [    Test worker] com.HelloControllerTest                  : No active profile set, falling back to default profiles: default
2021-05-22 23:05:08.091  INFO 6620 --- [    Test worker] o.s.s.concurrent.ThreadPoolTaskExecutor  : Initializing ExecutorService 'applicationTaskExecutor'
2021-05-22 23:05:08.131  INFO 6620 --- [    Test worker] o.s.b.a.w.s.WelcomePageHandlerMapping    : Adding welcome page template: index
2021-05-22 23:05:08.387  INFO 6620 --- [    Test worker] .s.s.UserDetailsServiceAutoConfiguration : 

Using generated security password: ef9d7ae6-e1b0-4aa1-963e-c509e7e10a4e

2021-05-22 23:05:08.576  INFO 6620 --- [    Test worker] o.s.s.web.DefaultSecurityFilterChain     : Creating filter chain: any request, [org.springframework.security.web.context.request.async.WebAsyncManagerIntegrationFilter@7c99edc5, org.springframework.security.web.context.SecurityContextPersistenceFilter@3f7aa0f2, org.springframework.security.web.header.HeaderWriterFilter@22779f83, org.springframework.security.web.csrf.CsrfFilter@54f582c1, org.springframework.security.web.authentication.logout.LogoutFilter@335a0fa7, org.springframework.security.web.authentication.UsernamePasswordAuthenticationFilter@1ad2c658, org.springframework.security.web.authentication.ui.DefaultLoginPageGeneratingFilter@6fc258ca, org.springframework.security.web.authentication.ui.DefaultLogoutPageGeneratingFilter@2427ca59, org.springframework.security.web.authentication.www.BasicAuthenticationFilter@52bc3b45, org.springframework.security.web.savedrequest.RequestCacheAwareFilter@4c127d48, org.springframework.security.web.servletapi.SecurityContextHolderAwareRequestFilter@528768ce, org.springframework.security.web.authentication.AnonymousAuthenticationFilter@17f2bb8b, org.springframework.security.web.session.SessionManagementFilter@5aece286, org.springframework.security.web.access.ExceptionTranslationFilter@4c97f184, org.springframework.security.web.access.intercept.FilterSecurityInterceptor@4c8f31a2]
2021-05-22 23:05:08.622  INFO 6620 --- [    Test worker] o.s.b.t.m.w.SpringBootMockServletContext : Initializing Spring TestDispatcherServlet ''
2021-05-22 23:05:08.622  INFO 6620 --- [    Test worker] o.s.t.web.servlet.TestDispatcherServlet  : Initializing Servlet ''
2021-05-22 23:05:08.643  INFO 6620 --- [    Test worker] o.s.t.web.servlet.TestDispatcherServlet  : Completed initialization in 21 ms
2021-05-22 23:05:08.682  INFO 6620 --- [    Test worker] com.HelloControllerTest                  : Started HelloControllerTest in 2.295 seconds (JVM running for 14.259)
]]></system-out>
  <system-err><![CDATA[]]></system-err>
</testsuite>
